# hmmsearch :: search profile(s) against a sequence database
# HMMER 3.1b2 (February 2015); http://hmmer.org/
# Copyright (C) 2015 Howard Hughes Medical Institute.
# Freely distributed under the GNU General Public License (GPLv3).
# - - - - - - - - - - - - - - - - - - - - - - - - - - - - - - - - - - - -
# query HMM file:                  /Users/alexeyshaytan/histdb/HistoneDB/static/browse/hmms/H1/canonicalH1.hmm
# target sequence database:        /Users/alexeyshaytan/histdb/HistoneDB/static/browse/hmms/model_evalution/H1/canonicalH1_negative_examples.fasta
# output directed to file:         /Users/alexeyshaytan/histdb/HistoneDB/static/browse/hmms/model_evalution/H1/canonicalH1_negative_examples.out
# max ASCII text line length:      unlimited
# sequence reporting threshold:    E-value <= 500
# number of worker threads:        4
# - - - - - - - - - - - - - - - - - - - - - - - - - - - - - - - - - - - -

Query:       H1  [M=206]
Scores for complete sequences (score includes all domains):
   --- full sequence ---   --- best 1 domain ---    -#dom-
    E-value  score  bias    E-value  score  bias    exp  N  Sequence Description
    ------- ------ -----    ------- ------ -----   ---- --  -------- -----------

   [No hits detected that satisfy reporting thresholds]


Domain annotation for each sequence (and alignments):

   [No targets detected that satisfy reporting thresholds]


Internal pipeline statistics summary:
-------------------------------------
Query model(s):                              1  (206 nodes)
Target sequences:                        11324  (1326321 residues searched)
Passed MSV filter:                      9295  (0.820823); expected 226.5 (0.02)
Passed bias filter:                     8237  (0.727393); expected 226.5 (0.02)
Passed Vit filter:                       203  (0.0179265); expected 11.3 (0.001)
Passed Fwd filter:                         0  (0); expected 0.1 (1e-05)
Initial search space (Z):              11324  [actual number of targets]
Domain search space  (domZ):               0  [number of targets reported over threshold]
# CPU time: 0.37u 0.00s 00:00:00.37 Elapsed: 00:00:00.13
# Mc/sec: 2101.71
//
[ok]
